*** Using Compiler 'V6.22', folder: 'D:\keil5\ARM\ARMCLANG\Bin'
Rebuild target 'Target_1'
Note: source file '.\app_adc.c' - object file renamed from '.\Objects\app_adc.o' to '.\Objects\app_adc_1.o'.compiling n32g033_dbg.c...
compiling misc.c...
compiling system_n32g033.c...
compiling n32g033_exti.c...
compiling n32g033_dma.c...
assembling startup_n32g033.s...
compiling n32g033_hdiv.c...
compiling n32g033_comp.c...
compiling n32g033_adc.c...
compiling n32g033_gpio.c...
compiling n32g033_flash.c...
compiling n32g033_opamp.c...
compiling n32g033_spi.c...
compiling n32g033_sqrt.c...
compiling n32g033_iwdg.c...
compiling n32g033_i2c.c...
compiling n32g033_pwr.c...
compiling n32g033_uart.c...
compiling n32g033_rcc.c...
compiling dri_adc.c...
compiling main.c...
compiling n32g033_tim.c...
compiling dri_dog.c...
compiling dri_flash.c...
compiling dri_gpio.c...
compiling dri_timer.c...
compiling dri_uart.c...
compiling it_433.c...
compiling dri_pvd.c...
compiling keelop_crc.c...
compiling n32g033_it.c...
compiling it_timer.c...
compiling it_exit.c...
compiling it_adc.c...
compiling app_buzz.c...
compiling app_433.c...
compiling app_adc.c...
compiling app_limt.c...
compiling app_motor.c...
compiling app_flash.c...
compiling app_led.c...
compiling app_uart.c...
linking...
Program Size: Code=30358 RO-data=1990 RW-data=32 ZI-data=2712  
FromELF: creating hex file...
After Build - User command #2: E:\N32HEX\N32.bat

e:\N32\N32G033>srec_cat "E:\N32\N32G033\Objects\N32G033.hex" -intel  -o "E:\N32HEX\APP_extended.hex" -intel 
".\Objects\N32G033.axf" - 0 Error(s), 0 Warning(s).
Build Time Elapsed:  00:00:06
